2022-11-28 00:05:26.844  INFO 12074 --- [pool-1-thread-1] a.e.u.d.g.criptop2p.integrations.Cache   : Caching all quotations
2022-11-28 00:05:40.011  INFO 12074 --- [pool-1-thread-1] a.e.u.d.g.criptop2p.integrations.Cache   : All quotations cached
2022-11-28 00:09:33.040  INFO 12074 --- [SpringApplicationShutdownHook] j.LocalContainerEntityManagerFactoryBean : Closing JPA EntityManagerFactory for persistence unit 'default'
2022-11-28 00:09:33.206 ERROR 12074 --- [HikariPool-1 connection adder] com.zaxxer.hikari.pool.HikariPool        : HikariPool-1 - Error thrown while acquiring connection from data source

org.h2.jdbc.JdbcSQLNonTransientConnectionException: La base de datos esta abierta en modo EXCLUSIVO; no puede abrir conexiones adicionales
The database is open in exclusive mode; can not open additional connections [90135-214]
	at org.h2.message.DbException.getJdbcSQLException(DbException.java:678) ~[h2-2.1.214.jar:2.1.214]
	at org.h2.message.DbException.getJdbcSQLException(DbException.java:477) ~[h2-2.1.214.jar:2.1.214]
	at org.h2.message.DbException.get(DbException.java:223) ~[h2-2.1.214.jar:2.1.214]
	at org.h2.message.DbException.get(DbException.java:199) ~[h2-2.1.214.jar:2.1.214]
	at org.h2.message.DbException.get(DbException.java:188) ~[h2-2.1.214.jar:2.1.214]
	at org.h2.engine.SessionLocal.checkSuspended(SessionLocal.java:1240) ~[h2-2.1.214.jar:2.1.214]
	at org.h2.engine.SessionLocal.transitionToState(SessionLocal.java:1232) ~[h2-2.1.214.jar:2.1.214]
	at org.h2.engine.SessionLocal.setCurrentCommand(SessionLocal.java:1210) ~[h2-2.1.214.jar:2.1.214]
	at org.h2.engine.SessionLocal.startStatementWithinTransaction(SessionLocal.java:1658) ~[h2-2.1.214.jar:2.1.214]
	at org.h2.command.Command.executeQuery(Command.java:184) ~[h2-2.1.214.jar:2.1.214]
	at org.h2.jdbc.JdbcConnection.isReadOnly(JdbcConnection.java:538) ~[h2-2.1.214.jar:2.1.214]
	at com.zaxxer.hikari.pool.PoolBase.setupConnection(PoolBase.java:408) ~[HikariCP-4.0.3.jar:na]
	at com.zaxxer.hikari.pool.PoolBase.newConnection(PoolBase.java:369) ~[HikariCP-4.0.3.jar:na]
	at com.zaxxer.hikari.pool.PoolBase.newPoolEntry(PoolBase.java:206) ~[HikariCP-4.0.3.jar:na]
	at com.zaxxer.hikari.pool.HikariPool.createPoolEntry(HikariPool.java:476) ~[HikariCP-4.0.3.jar:na]
	at com.zaxxer.hikari.pool.HikariPool.access$100(HikariPool.java:71) ~[HikariCP-4.0.3.jar:na]
	at com.zaxxer.hikari.pool.HikariPool$PoolEntryCreator.call(HikariPool.java:726) ~[HikariCP-4.0.3.jar:na]
	at com.zaxxer.hikari.pool.HikariPool$PoolEntryCreator.call(HikariPool.java:712) ~[HikariCP-4.0.3.jar:na]
	at java.base/java.util.concurrent.FutureTask.run(FutureTask.java:264) ~[na:na]
	at java.base/java.util.concurrent.ThreadPoolExecutor.runWorker(ThreadPoolExecutor.java:1136) ~[na:na]
	at java.base/java.util.concurrent.ThreadPoolExecutor$Worker.run(ThreadPoolExecutor.java:635) ~[na:na]
	at java.base/java.lang.Thread.run(Thread.java:833) ~[na:na]

2022-11-28 00:09:33.398  WARN 12074 --- [SpringApplicationShutdownHook] o.s.b.f.support.DisposableBeanAdapter    : Invocation of destroy method failed on bean with name 'inMemoryDatabaseShutdownExecutor': org.h2.jdbc.JdbcSQLNonTransientConnectionException: La base de datos ya esta cerrada (para des-habilitar el cerrado automatico durante el shutdown de la VM, agregue ";DB_CLOSE_ON_EXIT=FALSE" a la URL de conexión)
Database is already closed (to disable automatic closing at VM shutdown, add ";DB_CLOSE_ON_EXIT=FALSE" to the db URL) [90121-214]
2022-11-28 00:09:33.399  INFO 12074 --- [SpringApplicationShutdownHook] com.zaxxer.hikari.HikariDataSource       : HikariPool-1 - Shutdown initiated...
2022-11-28 00:09:33.458  INFO 12074 --- [SpringApplicationShutdownHook] com.zaxxer.hikari.HikariDataSource       : HikariPool-1 - Shutdown completed.
2022-11-28 00:09:39.815  INFO 13480 --- [restartedMain] a.e.u.d.g.c.Criptop2pApplication         : Starting Criptop2pApplication using Java 17.0.4.1 on chesire with PID 13480 (/home/chesire/Escritorio/Desa/criptop2p/build/classes/java/main started by root in /home/chesire/Escritorio/Desa/criptop2p)
2022-11-28 00:09:39.817  INFO 13480 --- [restartedMain] a.e.u.d.g.c.Criptop2pApplication         : No active profile set, falling back to 1 default profile: "default"
2022-11-28 00:09:39.902  INFO 13480 --- [restartedMain] .e.DevToolsPropertyDefaultsPostProcessor : Devtools property defaults active! Set 'spring.devtools.add-properties' to 'false' to disable
2022-11-28 00:09:39.902  INFO 13480 --- [restartedMain] .e.DevToolsPropertyDefaultsPostProcessor : For additional web related logging consider setting the 'logging.level.web' property to 'DEBUG'
2022-11-28 00:09:41.015  INFO 13480 --- [restartedMain] .s.d.r.c.RepositoryConfigurationDelegate : Bootstrapping Spring Data JPA repositories in DEFAULT mode.
2022-11-28 00:09:41.081  INFO 13480 --- [restartedMain] .s.d.r.c.RepositoryConfigurationDelegate : Finished Spring Data repository scanning in 56 ms. Found 3 JPA repository interfaces.
2022-11-28 00:09:42.136  INFO 13480 --- [restartedMain] o.s.b.w.embedded.tomcat.TomcatWebServer  : Tomcat initialized with port(s): 8080 (http)
2022-11-28 00:09:42.151  INFO 13480 --- [restartedMain] o.apache.catalina.core.StandardService   : Starting service [Tomcat]
2022-11-28 00:09:42.152  INFO 13480 --- [restartedMain] org.apache.catalina.core.StandardEngine  : Starting Servlet engine: [Apache Tomcat/9.0.65]
2022-11-28 00:09:42.226  INFO 13480 --- [restartedMain] o.a.c.c.C.[Tomcat].[localhost].[/]       : Initializing Spring embedded WebApplicationContext
2022-11-28 00:09:42.226  INFO 13480 --- [restartedMain] w.s.c.ServletWebServerApplicationContext : Root WebApplicationContext: initialization completed in 2323 ms
2022-11-28 00:09:42.266  INFO 13480 --- [restartedMain] com.zaxxer.hikari.HikariDataSource       : HikariPool-1 - Starting...
2022-11-28 00:09:42.535  INFO 13480 --- [restartedMain] com.zaxxer.hikari.HikariDataSource       : HikariPool-1 - Start completed.
2022-11-28 00:09:42.546  INFO 13480 --- [restartedMain] o.s.b.a.h2.H2ConsoleAutoConfiguration    : H2 console available at '/h2-console'. Database available at 'jdbc:h2:mem:criptop2p'
2022-11-28 00:09:42.685  INFO 13480 --- [restartedMain] o.hibernate.jpa.internal.util.LogHelper  : HHH000204: Processing PersistenceUnitInfo [name: default]
2022-11-28 00:09:42.750  INFO 13480 --- [restartedMain] org.hibernate.Version                    : HHH000412: Hibernate ORM core version 5.6.10.Final
2022-11-28 00:09:42.943  INFO 13480 --- [restartedMain] o.hibernate.annotations.common.Version   : HCANN000001: Hibernate Commons Annotations {5.1.2.Final}
2022-11-28 00:09:43.099  INFO 13480 --- [restartedMain] org.hibernate.dialect.Dialect            : HHH000400: Using dialect: org.hibernate.dialect.H2Dialect
2022-11-28 00:09:43.278  WARN 13480 --- [restartedMain] o.h.t.d.java.JavaTypeDescriptorRegistry  : HHH000481: Encountered Java type [class ar.edu.unq.desapp.grupoo.criptop2p.model.TypeIntention] for which we could not locate a JavaTypeDescriptor and which does not appear to implement equals and/or hashCode.  This can lead to significant performance problems when performing equality/dirty checking involving this Java type.  Consider registering a custom JavaTypeDescriptor or at least implementing equals/hashCode.
2022-11-28 00:09:43.870  INFO 13480 --- [restartedMain] o.h.e.t.j.p.i.JtaPlatformInitiator       : HHH000490: Using JtaPlatform implementation: [org.hibernate.engine.transaction.jta.platform.internal.NoJtaPlatform]
2022-11-28 00:09:43.878  INFO 13480 --- [restartedMain] j.LocalContainerEntityManagerFactoryBean : Initialized JPA EntityManagerFactory for persistence unit 'default'
2022-11-28 00:09:44.211  INFO 13480 --- [pool-1-thread-1] a.e.u.d.g.criptop2p.integrations.Cache   : Caching all quotations
2022-11-28 00:09:44.519  INFO 13480 --- [restartedMain] a.e.u.d.g.criptop2p.service.InitDbData   : Added fake Users on H2 with: org.h2.Driver
2022-11-28 00:09:56.307  INFO 13480 --- [restartedMain] a.e.u.d.g.criptop2p.service.InitDbData   : Added fake Intentions on H2 with: org.h2.Driver
2022-11-28 00:09:56.518  WARN 13480 --- [restartedMain] JpaBaseConfiguration$JpaWebConfiguration : spring.jpa.open-in-view is enabled by default. Therefore, database queries may be performed during view rendering. Explicitly configure spring.jpa.open-in-view to disable this warning
2022-11-28 00:09:57.409  INFO 13480 --- [restartedMain] o.s.b.d.a.OptionalLiveReloadServer       : LiveReload server is running on port 35729
2022-11-28 00:09:57.451  INFO 13480 --- [restartedMain] o.s.b.w.embedded.tomcat.TomcatWebServer  : Tomcat started on port(s): 8080 (http) with context path ''
2022-11-28 00:09:57.470  INFO 13480 --- [restartedMain] a.e.u.d.g.c.Criptop2pApplication         : Started Criptop2pApplication in 18.173 seconds (JVM running for 18.85)
2022-11-28 00:09:59.859  INFO 13480 --- [pool-1-thread-1] a.e.u.d.g.criptop2p.integrations.Cache   : All quotations cached
2022-11-28 00:10:03.706  INFO 13480 --- [http-nio-8080-exec-1] o.a.c.c.C.[Tomcat].[localhost].[/]       : Initializing Spring DispatcherServlet 'dispatcherServlet'
2022-11-28 00:10:03.706  INFO 13480 --- [http-nio-8080-exec-1] o.s.web.servlet.DispatcherServlet        : Initializing Servlet 'dispatcherServlet'
2022-11-28 00:10:03.708  INFO 13480 --- [http-nio-8080-exec-1] o.s.web.servlet.DispatcherServlet        : Completed initialization in 1 ms
2022-11-28 00:10:03.740  WARN 13480 --- [http-nio-8080-exec-1] o.s.web.servlet.PageNotFound             : Request method 'PATCH' not supported
2022-11-28 00:10:03.748  WARN 13480 --- [http-nio-8080-exec-1] .m.m.a.ExceptionHandlerExceptionResolver : Resolved [org.springframework.web.HttpRequestMethodNotSupportedException: Request method 'PATCH' not supported]
2022-11-28 00:10:08.716  WARN 13480 --- [http-nio-8080-exec-3] o.s.web.servlet.PageNotFound             : Request method 'PATCH' not supported
2022-11-28 00:10:08.717  WARN 13480 --- [http-nio-8080-exec-3] .m.m.a.ExceptionHandlerExceptionResolver : Resolved [org.springframework.web.HttpRequestMethodNotSupportedException: Request method 'PATCH' not supported]
2022-11-28 00:10:35.166  INFO 13480 --- [SpringApplicationShutdownHook] j.LocalContainerEntityManagerFactoryBean : Closing JPA EntityManagerFactory for persistence unit 'default'
2022-11-28 00:10:35.329 ERROR 13480 --- [HikariPool-1 connection adder] com.zaxxer.hikari.pool.HikariPool        : HikariPool-1 - Error thrown while acquiring connection from data source

org.h2.jdbc.JdbcSQLNonTransientConnectionException: La base de datos esta abierta en modo EXCLUSIVO; no puede abrir conexiones adicionales
The database is open in exclusive mode; can not open additional connections [90135-214]
	at org.h2.message.DbException.getJdbcSQLException(DbException.java:678) ~[h2-2.1.214.jar:2.1.214]
	at org.h2.message.DbException.getJdbcSQLException(DbException.java:477) ~[h2-2.1.214.jar:2.1.214]
	at org.h2.message.DbException.get(DbException.java:223) ~[h2-2.1.214.jar:2.1.214]
	at org.h2.message.DbException.get(DbException.java:199) ~[h2-2.1.214.jar:2.1.214]
	at org.h2.message.DbException.get(DbException.java:188) ~[h2-2.1.214.jar:2.1.214]
	at org.h2.engine.SessionLocal.checkSuspended(SessionLocal.java:1240) ~[h2-2.1.214.jar:2.1.214]
	at org.h2.engine.SessionLocal.transitionToState(SessionLocal.java:1232) ~[h2-2.1.214.jar:2.1.214]
	at org.h2.engine.SessionLocal.waitIfExclusiveModeEnabled(SessionLocal.java:1480) ~[h2-2.1.214.jar:2.1.214]
	at org.h2.command.Command.executeQuery(Command.java:180) ~[h2-2.1.214.jar:2.1.214]
	at org.h2.jdbc.JdbcConnection.isReadOnly(JdbcConnection.java:538) ~[h2-2.1.214.jar:2.1.214]
	at com.zaxxer.hikari.pool.PoolBase.setupConnection(PoolBase.java:408) ~[HikariCP-4.0.3.jar:na]
	at com.zaxxer.hikari.pool.PoolBase.newConnection(PoolBase.java:369) ~[HikariCP-4.0.3.jar:na]
	at com.zaxxer.hikari.pool.PoolBase.newPoolEntry(PoolBase.java:206) ~[HikariCP-4.0.3.jar:na]
	at com.zaxxer.hikari.pool.HikariPool.createPoolEntry(HikariPool.java:476) ~[HikariCP-4.0.3.jar:na]
	at com.zaxxer.hikari.pool.HikariPool.access$100(HikariPool.java:71) ~[HikariCP-4.0.3.jar:na]
	at com.zaxxer.hikari.pool.HikariPool$PoolEntryCreator.call(HikariPool.java:726) ~[HikariCP-4.0.3.jar:na]
	at com.zaxxer.hikari.pool.HikariPool$PoolEntryCreator.call(HikariPool.java:712) ~[HikariCP-4.0.3.jar:na]
	at java.base/java.util.concurrent.FutureTask.run(FutureTask.java:264) ~[na:na]
	at java.base/java.util.concurrent.ThreadPoolExecutor.runWorker(ThreadPoolExecutor.java:1136) ~[na:na]
	at java.base/java.util.concurrent.ThreadPoolExecutor$Worker.run(ThreadPoolExecutor.java:635) ~[na:na]
	at java.base/java.lang.Thread.run(Thread.java:833) ~[na:na]

2022-11-28 00:10:35.523  WARN 13480 --- [SpringApplicationShutdownHook] o.s.b.f.support.DisposableBeanAdapter    : Invocation of destroy method failed on bean with name 'inMemoryDatabaseShutdownExecutor': org.h2.jdbc.JdbcSQLNonTransientConnectionException: La base de datos ya esta cerrada (para des-habilitar el cerrado automatico durante el shutdown de la VM, agregue ";DB_CLOSE_ON_EXIT=FALSE" a la URL de conexión)
Database is already closed (to disable automatic closing at VM shutdown, add ";DB_CLOSE_ON_EXIT=FALSE" to the db URL) [90121-214]
2022-11-28 00:10:35.526  INFO 13480 --- [SpringApplicationShutdownHook] com.zaxxer.hikari.HikariDataSource       : HikariPool-1 - Shutdown initiated...
2022-11-28 00:10:35.583  INFO 13480 --- [SpringApplicationShutdownHook] com.zaxxer.hikari.HikariDataSource       : HikariPool-1 - Shutdown completed.
2022-11-28 00:13:08.153  INFO 13847 --- [restartedMain] a.e.u.d.g.c.Criptop2pApplication         : Starting Criptop2pApplication using Java 17.0.4.1 on chesire with PID 13847 (/home/chesire/Escritorio/Desa/criptop2p/build/classes/java/main started by root in /home/chesire/Escritorio/Desa/criptop2p)
2022-11-28 00:13:08.154  INFO 13847 --- [restartedMain] a.e.u.d.g.c.Criptop2pApplication         : No active profile set, falling back to 1 default profile: "default"
2022-11-28 00:13:08.217  INFO 13847 --- [restartedMain] .e.DevToolsPropertyDefaultsPostProcessor : Devtools property defaults active! Set 'spring.devtools.add-properties' to 'false' to disable
2022-11-28 00:13:08.217  INFO 13847 --- [restartedMain] .e.DevToolsPropertyDefaultsPostProcessor : For additional web related logging consider setting the 'logging.level.web' property to 'DEBUG'
2022-11-28 00:13:09.126  INFO 13847 --- [restartedMain] .s.d.r.c.RepositoryConfigurationDelegate : Bootstrapping Spring Data JPA repositories in DEFAULT mode.
2022-11-28 00:13:09.190  INFO 13847 --- [restartedMain] .s.d.r.c.RepositoryConfigurationDelegate : Finished Spring Data repository scanning in 56 ms. Found 3 JPA repository interfaces.
2022-11-28 00:13:10.558  INFO 13847 --- [restartedMain] o.s.b.w.embedded.tomcat.TomcatWebServer  : Tomcat initialized with port(s): 8080 (http)
2022-11-28 00:13:10.577  INFO 13847 --- [restartedMain] o.apache.catalina.core.StandardService   : Starting service [Tomcat]
2022-11-28 00:13:10.580  INFO 13847 --- [restartedMain] org.apache.catalina.core.StandardEngine  : Starting Servlet engine: [Apache Tomcat/9.0.65]
2022-11-28 00:13:10.731  INFO 13847 --- [restartedMain] o.a.c.c.C.[Tomcat].[localhost].[/]       : Initializing Spring embedded WebApplicationContext
2022-11-28 00:13:10.745  INFO 13847 --- [restartedMain] w.s.c.ServletWebServerApplicationContext : Root WebApplicationContext: initialization completed in 2526 ms
2022-11-28 00:13:10.815  INFO 13847 --- [restartedMain] com.zaxxer.hikari.HikariDataSource       : HikariPool-1 - Starting...
2022-11-28 00:13:11.079  INFO 13847 --- [restartedMain] com.zaxxer.hikari.HikariDataSource       : HikariPool-1 - Start completed.
2022-11-28 00:13:11.091  INFO 13847 --- [restartedMain] o.s.b.a.h2.H2ConsoleAutoConfiguration    : H2 console available at '/h2-console'. Database available at 'jdbc:h2:mem:criptop2p'
2022-11-28 00:13:11.234  INFO 13847 --- [restartedMain] o.hibernate.jpa.internal.util.LogHelper  : HHH000204: Processing PersistenceUnitInfo [name: default]
2022-11-28 00:13:11.298  INFO 13847 --- [restartedMain] org.hibernate.Version                    : HHH000412: Hibernate ORM core version 5.6.10.Final
2022-11-28 00:13:11.538  INFO 13847 --- [restartedMain] o.hibernate.annotations.common.Version   : HCANN000001: Hibernate Commons Annotations {5.1.2.Final}
2022-11-28 00:13:11.665  INFO 13847 --- [restartedMain] org.hibernate.dialect.Dialect            : HHH000400: Using dialect: org.hibernate.dialect.H2Dialect
2022-11-28 00:13:11.932  WARN 13847 --- [restartedMain] o.h.t.d.java.JavaTypeDescriptorRegistry  : HHH000481: Encountered Java type [class ar.edu.unq.desapp.grupoo.criptop2p.model.TypeIntention] for which we could not locate a JavaTypeDescriptor and which does not appear to implement equals and/or hashCode.  This can lead to significant performance problems when performing equality/dirty checking involving this Java type.  Consider registering a custom JavaTypeDescriptor or at least implementing equals/hashCode.
2022-11-28 00:13:12.622  INFO 13847 --- [restartedMain] o.h.e.t.j.p.i.JtaPlatformInitiator       : HHH000490: Using JtaPlatform implementation: [org.hibernate.engine.transaction.jta.platform.internal.NoJtaPlatform]
2022-11-28 00:13:12.629  INFO 13847 --- [restartedMain] j.LocalContainerEntityManagerFactoryBean : Initialized JPA EntityManagerFactory for persistence unit 'default'
2022-11-28 00:13:12.942  INFO 13847 --- [pool-1-thread-1] a.e.u.d.g.criptop2p.integrations.Cache   : Caching all quotations
2022-11-28 00:13:13.273  INFO 13847 --- [restartedMain] a.e.u.d.g.criptop2p.service.InitDbData   : Added fake Users on H2 with: org.h2.Driver
2022-11-28 00:13:25.828  INFO 13847 --- [restartedMain] a.e.u.d.g.criptop2p.service.InitDbData   : Added fake Intentions on H2 with: org.h2.Driver
2022-11-28 00:13:26.030  WARN 13847 --- [restartedMain] JpaBaseConfiguration$JpaWebConfiguration : spring.jpa.open-in-view is enabled by default. Therefore, database queries may be performed during view rendering. Explicitly configure spring.jpa.open-in-view to disable this warning
2022-11-28 00:13:26.884  INFO 13847 --- [restartedMain] o.s.b.d.a.OptionalLiveReloadServer       : LiveReload server is running on port 35729
2022-11-28 00:13:26.922  INFO 13847 --- [restartedMain] o.s.b.w.embedded.tomcat.TomcatWebServer  : Tomcat started on port(s): 8080 (http) with context path ''
2022-11-28 00:13:26.936  INFO 13847 --- [restartedMain] a.e.u.d.g.c.Criptop2pApplication         : Started Criptop2pApplication in 19.175 seconds (JVM running for 19.684)
2022-11-28 00:13:28.763  INFO 13847 --- [pool-1-thread-1] a.e.u.d.g.criptop2p.integrations.Cache   : All quotations cached
2022-11-28 00:13:30.895  INFO 13847 --- [http-nio-8080-exec-1] o.a.c.c.C.[Tomcat].[localhost].[/]       : Initializing Spring DispatcherServlet 'dispatcherServlet'
2022-11-28 00:13:30.895  INFO 13847 --- [http-nio-8080-exec-1] o.s.web.servlet.DispatcherServlet        : Initializing Servlet 'dispatcherServlet'
2022-11-28 00:13:30.897  INFO 13847 --- [http-nio-8080-exec-1] o.s.web.servlet.DispatcherServlet        : Completed initialization in 1 ms
2022-11-28 00:13:30.950  WARN 13847 --- [http-nio-8080-exec-1] .m.m.a.ExceptionHandlerExceptionResolver : Resolved [org.springframework.web.method.annotation.MethodArgumentTypeMismatchException: Failed to convert value of type 'java.lang.String' to required type 'java.lang.Long'; nested exception is java.lang.NumberFormatException: For input string: "333between"]
2022-11-28 00:13:39.110  WARN 13847 --- [http-nio-8080-exec-4] .m.m.a.ExceptionHandlerExceptionResolver : Resolved [org.springframework.web.method.annotation.MethodArgumentTypeMismatchException: Failed to convert value of type 'java.lang.String' to required type 'java.lang.Long'; nested exception is java.lang.NumberFormatException: For input string: "333between"]
2022-11-28 00:15:33.640  INFO 13847 --- [http-nio-8080-exec-8] a.e.u.d.g.c.aspect.WebServiceAudit       : Timestamp=2022-11-28 00:15:33.64 User=WAITING JWT Operation=ResponseEntity ar.edu.unq.desapp.grupoo.criptop2p.webservice.controllers.UserController.activatedIntentionsOf(Long) Parameter(s)=[7] Execution time=9ms
2022-11-28 00:15:33.645  WARN 13847 --- [http-nio-8080-exec-8] .m.m.a.ExceptionHandlerExceptionResolver : Resolved [ar.edu.unq.desapp.grupoo.criptop2p.service.exceptions.UserNotFoundException: Could not find user 7]
2022-11-28 00:15:36.055  INFO 13847 --- [http-nio-8080-exec-9] a.e.u.d.g.c.aspect.WebServiceAudit       : Timestamp=2022-11-28 00:15:36.055 User=WAITING JWT Operation=ResponseEntity ar.edu.unq.desapp.grupoo.criptop2p.webservice.controllers.UserController.activatedIntentionsOf(Long) Parameter(s)=[7] Execution time=2ms
2022-11-28 00:15:36.056  WARN 13847 --- [http-nio-8080-exec-9] .m.m.a.ExceptionHandlerExceptionResolver : Resolved [ar.edu.unq.desapp.grupoo.criptop2p.service.exceptions.UserNotFoundException: Could not find user 7]
2022-11-28 00:15:39.073  INFO 13847 --- [http-nio-8080-exec-10] a.e.u.d.g.c.aspect.WebServiceAudit       : Timestamp=2022-11-28 00:15:39.073 User=WAITING JWT Operation=ResponseEntity ar.edu.unq.desapp.grupoo.criptop2p.webservice.controllers.UserController.activatedIntentionsOf(Long) Parameter(s)=[7] Execution time=3ms
2022-11-28 00:15:39.075  WARN 13847 --- [http-nio-8080-exec-10] .m.m.a.ExceptionHandlerExceptionResolver : Resolved [ar.edu.unq.desapp.grupoo.criptop2p.service.exceptions.UserNotFoundException: Could not find user 7]
2022-11-28 00:15:49.134  INFO 13847 --- [http-nio-8080-exec-2] a.e.u.d.g.c.aspect.WebServiceAudit       : Timestamp=2022-11-28 00:15:49.134 User=WAITING JWT Operation=ResponseEntity ar.edu.unq.desapp.grupoo.criptop2p.webservice.controllers.UserController.activatedIntentionsOf(Long) Parameter(s)=[7] Execution time=2ms
2022-11-28 00:15:49.136  WARN 13847 --- [http-nio-8080-exec-2] .m.m.a.ExceptionHandlerExceptionResolver : Resolved [ar.edu.unq.desapp.grupoo.criptop2p.service.exceptions.UserNotFoundException: Could not find user 7]
2022-11-28 00:16:00.596  INFO 13847 --- [http-nio-8080-exec-3] a.e.u.d.g.c.aspect.WebServiceAudit       : Timestamp=2022-11-28 00:16:00.596 User=WAITING JWT Operation=ResponseEntity ar.edu.unq.desapp.grupoo.criptop2p.webservice.controllers.IntentionController.intentionsWithState(String) Parameter(s)=[OFFERED] Execution time=161ms
2022-11-28 00:16:04.981  INFO 13847 --- [http-nio-8080-exec-4] a.e.u.d.g.c.aspect.WebServiceAudit       : Timestamp=2022-11-28 00:16:04.981 User=WAITING JWT Operation=ResponseEntity ar.edu.unq.desapp.grupoo.criptop2p.webservice.controllers.IntentionController.intentionsWithState(String) Parameter(s)=[SOLD] Execution time=5ms
2022-11-28 00:17:37.981  INFO 13847 --- [SpringApplicationShutdownHook] j.LocalContainerEntityManagerFactoryBean : Closing JPA EntityManagerFactory for persistence unit 'default'
2022-11-28 00:17:38.165 ERROR 13847 --- [HikariPool-1 connection adder] com.zaxxer.hikari.pool.HikariPool        : HikariPool-1 - Error thrown while acquiring connection from data source

org.h2.jdbc.JdbcSQLNonTransientConnectionException: La base de datos esta abierta en modo EXCLUSIVO; no puede abrir conexiones adicionales
The database is open in exclusive mode; can not open additional connections [90135-214]
	at org.h2.message.DbException.getJdbcSQLException(DbException.java:678) ~[h2-2.1.214.jar:2.1.214]
	at org.h2.message.DbException.getJdbcSQLException(DbException.java:477) ~[h2-2.1.214.jar:2.1.214]
	at org.h2.message.DbException.get(DbException.java:223) ~[h2-2.1.214.jar:2.1.214]
	at org.h2.message.DbException.get(DbException.java:199) ~[h2-2.1.214.jar:2.1.214]
	at org.h2.message.DbException.get(DbException.java:188) ~[h2-2.1.214.jar:2.1.214]
	at org.h2.engine.SessionLocal.checkSuspended(SessionLocal.java:1240) ~[h2-2.1.214.jar:2.1.214]
	at org.h2.engine.SessionLocal.transitionToState(SessionLocal.java:1232) ~[h2-2.1.214.jar:2.1.214]
	at org.h2.engine.SessionLocal.setCurrentCommand(SessionLocal.java:1210) ~[h2-2.1.214.jar:2.1.214]
	at org.h2.engine.SessionLocal.startStatementWithinTransaction(SessionLocal.java:1658) ~[h2-2.1.214.jar:2.1.214]
	at org.h2.command.Command.executeQuery(Command.java:184) ~[h2-2.1.214.jar:2.1.214]
	at org.h2.jdbc.JdbcConnection.isReadOnly(JdbcConnection.java:538) ~[h2-2.1.214.jar:2.1.214]
	at com.zaxxer.hikari.pool.PoolBase.setupConnection(PoolBase.java:408) ~[HikariCP-4.0.3.jar:na]
	at com.zaxxer.hikari.pool.PoolBase.newConnection(PoolBase.java:369) ~[HikariCP-4.0.3.jar:na]
	at com.zaxxer.hikari.pool.PoolBase.newPoolEntry(PoolBase.java:206) ~[HikariCP-4.0.3.jar:na]
	at com.zaxxer.hikari.pool.HikariPool.createPoolEntry(HikariPool.java:476) ~[HikariCP-4.0.3.jar:na]
	at com.zaxxer.hikari.pool.HikariPool.access$100(HikariPool.java:71) ~[HikariCP-4.0.3.jar:na]
	at com.zaxxer.hikari.pool.HikariPool$PoolEntryCreator.call(HikariPool.java:726) ~[HikariCP-4.0.3.jar:na]
	at com.zaxxer.hikari.pool.HikariPool$PoolEntryCreator.call(HikariPool.java:712) ~[HikariCP-4.0.3.jar:na]
	at java.base/java.util.concurrent.FutureTask.run(FutureTask.java:264) ~[na:na]
	at java.base/java.util.concurrent.ThreadPoolExecutor.runWorker(ThreadPoolExecutor.java:1136) ~[na:na]
	at java.base/java.util.concurrent.ThreadPoolExecutor$Worker.run(ThreadPoolExecutor.java:635) ~[na:na]
	at java.base/java.lang.Thread.run(Thread.java:833) ~[na:na]

2022-11-28 00:17:38.357  WARN 13847 --- [SpringApplicationShutdownHook] o.s.b.f.support.DisposableBeanAdapter    : Invocation of destroy method failed on bean with name 'inMemoryDatabaseShutdownExecutor': org.h2.jdbc.JdbcSQLNonTransientConnectionException: La base de datos ya esta cerrada (para des-habilitar el cerrado automatico durante el shutdown de la VM, agregue ";DB_CLOSE_ON_EXIT=FALSE" a la URL de conexión)
Database is already closed (to disable automatic closing at VM shutdown, add ";DB_CLOSE_ON_EXIT=FALSE" to the db URL) [90121-214]
2022-11-28 00:17:38.360  INFO 13847 --- [SpringApplicationShutdownHook] com.zaxxer.hikari.HikariDataSource       : HikariPool-1 - Shutdown initiated...
2022-11-28 00:17:38.418  INFO 13847 --- [SpringApplicationShutdownHook] com.zaxxer.hikari.HikariDataSource       : HikariPool-1 - Shutdown completed.
2022-11-28 00:17:52.328  INFO 14185 --- [restartedMain] a.e.u.d.g.c.Criptop2pApplication         : Starting Criptop2pApplication using Java 17.0.4.1 on chesire with PID 14185 (/home/chesire/Escritorio/Desa/criptop2p/build/classes/java/main started by root in /home/chesire/Escritorio/Desa/criptop2p)
2022-11-28 00:17:52.330  INFO 14185 --- [restartedMain] a.e.u.d.g.c.Criptop2pApplication         : No active profile set, falling back to 1 default profile: "default"
2022-11-28 00:17:52.399  INFO 14185 --- [restartedMain] .e.DevToolsPropertyDefaultsPostProcessor : Devtools property defaults active! Set 'spring.devtools.add-properties' to 'false' to disable
2022-11-28 00:17:52.400  INFO 14185 --- [restartedMain] .e.DevToolsPropertyDefaultsPostProcessor : For additional web related logging consider setting the 'logging.level.web' property to 'DEBUG'
2022-11-28 00:17:53.293  INFO 14185 --- [restartedMain] .s.d.r.c.RepositoryConfigurationDelegate : Bootstrapping Spring Data JPA repositories in DEFAULT mode.
2022-11-28 00:17:53.352  INFO 14185 --- [restartedMain] .s.d.r.c.RepositoryConfigurationDelegate : Finished Spring Data repository scanning in 50 ms. Found 3 JPA repository interfaces.
2022-11-28 00:17:54.168  INFO 14185 --- [restartedMain] o.s.b.w.embedded.tomcat.TomcatWebServer  : Tomcat initialized with port(s): 8080 (http)
2022-11-28 00:17:54.179  INFO 14185 --- [restartedMain] o.apache.catalina.core.StandardService   : Starting service [Tomcat]
2022-11-28 00:17:54.180  INFO 14185 --- [restartedMain] org.apache.catalina.core.StandardEngine  : Starting Servlet engine: [Apache Tomcat/9.0.65]
2022-11-28 00:17:54.239  INFO 14185 --- [restartedMain] o.a.c.c.C.[Tomcat].[localhost].[/]       : Initializing Spring embedded WebApplicationContext
2022-11-28 00:17:54.239  INFO 14185 --- [restartedMain] w.s.c.ServletWebServerApplicationContext : Root WebApplicationContext: initialization completed in 1839 ms
2022-11-28 00:17:54.276  INFO 14185 --- [restartedMain] com.zaxxer.hikari.HikariDataSource       : HikariPool-1 - Starting...
2022-11-28 00:17:54.454  INFO 14185 --- [restartedMain] com.zaxxer.hikari.HikariDataSource       : HikariPool-1 - Start completed.
2022-11-28 00:17:54.468  INFO 14185 --- [restartedMain] o.s.b.a.h2.H2ConsoleAutoConfiguration    : H2 console available at '/h2-console'. Database available at 'jdbc:h2:mem:criptop2p'
2022-11-28 00:17:54.598  INFO 14185 --- [restartedMain] o.hibernate.jpa.internal.util.LogHelper  : HHH000204: Processing PersistenceUnitInfo [name: default]
2022-11-28 00:17:54.656  INFO 14185 --- [restartedMain] org.hibernate.Version                    : HHH000412: Hibernate ORM core version 5.6.10.Final
2022-11-28 00:17:54.806  INFO 14185 --- [restartedMain] o.hibernate.annotations.common.Version   : HCANN000001: Hibernate Commons Annotations {5.1.2.Final}
2022-11-28 00:17:54.908  INFO 14185 --- [restartedMain] org.hibernate.dialect.Dialect            : HHH000400: Using dialect: org.hibernate.dialect.H2Dialect
2022-11-28 00:17:55.083  WARN 14185 --- [restartedMain] o.h.t.d.java.JavaTypeDescriptorRegistry  : HHH000481: Encountered Java type [class ar.edu.unq.desapp.grupoo.criptop2p.model.TypeIntention] for which we could not locate a JavaTypeDescriptor and which does not appear to implement equals and/or hashCode.  This can lead to significant performance problems when performing equality/dirty checking involving this Java type.  Consider registering a custom JavaTypeDescriptor or at least implementing equals/hashCode.
2022-11-28 00:17:55.632  INFO 14185 --- [restartedMain] o.h.e.t.j.p.i.JtaPlatformInitiator       : HHH000490: Using JtaPlatform implementation: [org.hibernate.engine.transaction.jta.platform.internal.NoJtaPlatform]
2022-11-28 00:17:55.645  INFO 14185 --- [restartedMain] j.LocalContainerEntityManagerFactoryBean : Initialized JPA EntityManagerFactory for persistence unit 'default'
2022-11-28 00:17:55.947  INFO 14185 --- [pool-1-thread-1] a.e.u.d.g.criptop2p.integrations.Cache   : Caching all quotations
2022-11-28 00:17:56.235  INFO 14185 --- [restartedMain] a.e.u.d.g.criptop2p.service.InitDbData   : Added fake Users on H2 with: org.h2.Driver
2022-11-28 00:18:07.990  INFO 14185 --- [restartedMain] a.e.u.d.g.criptop2p.service.InitDbData   : Added fake Intentions on H2 with: org.h2.Driver
2022-11-28 00:18:08.178  WARN 14185 --- [restartedMain] JpaBaseConfiguration$JpaWebConfiguration : spring.jpa.open-in-view is enabled by default. Therefore, database queries may be performed during view rendering. Explicitly configure spring.jpa.open-in-view to disable this warning
2022-11-28 00:18:09.131  INFO 14185 --- [restartedMain] o.s.b.d.a.OptionalLiveReloadServer       : LiveReload server is running on port 35729
2022-11-28 00:18:09.169  INFO 14185 --- [restartedMain] o.s.b.w.embedded.tomcat.TomcatWebServer  : Tomcat started on port(s): 8080 (http) with context path ''
2022-11-28 00:18:09.187  INFO 14185 --- [restartedMain] a.e.u.d.g.c.Criptop2pApplication         : Started Criptop2pApplication in 17.267 seconds (JVM running for 17.778)
2022-11-28 00:18:10.165  INFO 14185 --- [pool-1-thread-1] a.e.u.d.g.criptop2p.integrations.Cache   : All quotations cached
2022-11-28 00:22:47.935  INFO 14185 --- [http-nio-8080-exec-1] o.a.c.c.C.[Tomcat].[localhost].[/]       : Initializing Spring DispatcherServlet 'dispatcherServlet'
2022-11-28 00:22:47.936  INFO 14185 --- [http-nio-8080-exec-1] o.s.web.servlet.DispatcherServlet        : Initializing Servlet 'dispatcherServlet'
2022-11-28 00:22:47.937  INFO 14185 --- [http-nio-8080-exec-1] o.s.web.servlet.DispatcherServlet        : Completed initialization in 1 ms
2022-11-28 00:27:55.947  INFO 14185 --- [pool-1-thread-1] a.e.u.d.g.criptop2p.integrations.Cache   : Caching all quotations
2022-11-28 00:28:10.542  INFO 14185 --- [pool-1-thread-1] a.e.u.d.g.criptop2p.integrations.Cache   : All quotations cached
2022-11-28 00:29:36.783  INFO 14185 --- [SpringApplicationShutdownHook] j.LocalContainerEntityManagerFactoryBean : Closing JPA EntityManagerFactory for persistence unit 'default'
2022-11-28 00:29:36.977 ERROR 14185 --- [HikariPool-1 connection adder] com.zaxxer.hikari.pool.HikariPool        : HikariPool-1 - Error thrown while acquiring connection from data source

org.h2.jdbc.JdbcSQLNonTransientConnectionException: La base de datos esta abierta en modo EXCLUSIVO; no puede abrir conexiones adicionales
The database is open in exclusive mode; can not open additional connections [90135-214]
	at org.h2.message.DbException.getJdbcSQLException(DbException.java:678) ~[h2-2.1.214.jar:2.1.214]
	at org.h2.message.DbException.getJdbcSQLException(DbException.java:477) ~[h2-2.1.214.jar:2.1.214]
	at org.h2.message.DbException.get(DbException.java:223) ~[h2-2.1.214.jar:2.1.214]
	at org.h2.message.DbException.get(DbException.java:199) ~[h2-2.1.214.jar:2.1.214]
	at org.h2.message.DbException.get(DbException.java:188) ~[h2-2.1.214.jar:2.1.214]
	at org.h2.engine.SessionLocal.checkSuspended(SessionLocal.java:1240) ~[h2-2.1.214.jar:2.1.214]
	at org.h2.engine.SessionLocal.transitionToState(SessionLocal.java:1232) ~[h2-2.1.214.jar:2.1.214]
	at org.h2.engine.SessionLocal.setCurrentCommand(SessionLocal.java:1210) ~[h2-2.1.214.jar:2.1.214]
	at org.h2.engine.SessionLocal.startStatementWithinTransaction(SessionLocal.java:1658) ~[h2-2.1.214.jar:2.1.214]
	at org.h2.command.Command.executeQuery(Command.java:184) ~[h2-2.1.214.jar:2.1.214]
	at org.h2.jdbc.JdbcConnection.isReadOnly(JdbcConnection.java:538) ~[h2-2.1.214.jar:2.1.214]
	at com.zaxxer.hikari.pool.PoolBase.setupConnection(PoolBase.java:408) ~[HikariCP-4.0.3.jar:na]
	at com.zaxxer.hikari.pool.PoolBase.newConnection(PoolBase.java:369) ~[HikariCP-4.0.3.jar:na]
	at com.zaxxer.hikari.pool.PoolBase.newPoolEntry(PoolBase.java:206) ~[HikariCP-4.0.3.jar:na]
	at com.zaxxer.hikari.pool.HikariPool.createPoolEntry(HikariPool.java:476) ~[HikariCP-4.0.3.jar:na]
	at com.zaxxer.hikari.pool.HikariPool.access$100(HikariPool.java:71) ~[HikariCP-4.0.3.jar:na]
	at com.zaxxer.hikari.pool.HikariPool$PoolEntryCreator.call(HikariPool.java:726) ~[HikariCP-4.0.3.jar:na]
	at com.zaxxer.hikari.pool.HikariPool$PoolEntryCreator.call(HikariPool.java:712) ~[HikariCP-4.0.3.jar:na]
	at java.base/java.util.concurrent.FutureTask.run(FutureTask.java:264) ~[na:na]
	at java.base/java.util.concurrent.ThreadPoolExecutor.runWorker(ThreadPoolExecutor.java:1136) ~[na:na]
	at java.base/java.util.concurrent.ThreadPoolExecutor$Worker.run(ThreadPoolExecutor.java:635) ~[na:na]
	at java.base/java.lang.Thread.run(Thread.java:833) ~[na:na]

2022-11-28 00:29:37.170  WARN 14185 --- [SpringApplicationShutdownHook] o.s.b.f.support.DisposableBeanAdapter    : Invocation of destroy method failed on bean with name 'inMemoryDatabaseShutdownExecutor': org.h2.jdbc.JdbcSQLNonTransientConnectionException: La base de datos ya esta cerrada (para des-habilitar el cerrado automatico durante el shutdown de la VM, agregue ";DB_CLOSE_ON_EXIT=FALSE" a la URL de conexión)
Database is already closed (to disable automatic closing at VM shutdown, add ";DB_CLOSE_ON_EXIT=FALSE" to the db URL) [90121-214]
2022-11-28 00:29:37.174  INFO 14185 --- [SpringApplicationShutdownHook] com.zaxxer.hikari.HikariDataSource       : HikariPool-1 - Shutdown initiated...
2022-11-28 00:29:37.231  INFO 14185 --- [SpringApplicationShutdownHook] com.zaxxer.hikari.HikariDataSource       : HikariPool-1 - Shutdown completed.
2022-11-28 00:29:50.342  INFO 14511 --- [restartedMain] a.e.u.d.g.c.Criptop2pApplication         : Starting Criptop2pApplication using Java 17.0.4.1 on chesire with PID 14511 (/home/chesire/Escritorio/Desa/criptop2p/build/classes/java/main started by root in /home/chesire/Escritorio/Desa/criptop2p)
2022-11-28 00:29:50.343  INFO 14511 --- [restartedMain] a.e.u.d.g.c.Criptop2pApplication         : No active profile set, falling back to 1 default profile: "default"
2022-11-28 00:29:50.416  INFO 14511 --- [restartedMain] .e.DevToolsPropertyDefaultsPostProcessor : Devtools property defaults active! Set 'spring.devtools.add-properties' to 'false' to disable
2022-11-28 00:29:50.417  INFO 14511 --- [restartedMain] .e.DevToolsPropertyDefaultsPostProcessor : For additional web related logging consider setting the 'logging.level.web' property to 'DEBUG'
2022-11-28 00:29:51.680  INFO 14511 --- [restartedMain] .s.d.r.c.RepositoryConfigurationDelegate : Bootstrapping Spring Data JPA repositories in DEFAULT mode.
2022-11-28 00:29:51.825  INFO 14511 --- [restartedMain] .s.d.r.c.RepositoryConfigurationDelegate : Finished Spring Data repository scanning in 126 ms. Found 3 JPA repository interfaces.
2022-11-28 00:29:52.969  INFO 14511 --- [restartedMain] o.s.b.w.embedded.tomcat.TomcatWebServer  : Tomcat initialized with port(s): 8080 (http)
2022-11-28 00:29:52.980  INFO 14511 --- [restartedMain] o.apache.catalina.core.StandardService   : Starting service [Tomcat]
2022-11-28 00:29:52.980  INFO 14511 --- [restartedMain] org.apache.catalina.core.StandardEngine  : Starting Servlet engine: [Apache Tomcat/9.0.65]
2022-11-28 00:29:53.041  INFO 14511 --- [restartedMain] o.a.c.c.C.[Tomcat].[localhost].[/]       : Initializing Spring embedded WebApplicationContext
2022-11-28 00:29:53.042  INFO 14511 --- [restartedMain] w.s.c.ServletWebServerApplicationContext : Root WebApplicationContext: initialization completed in 2624 ms
2022-11-28 00:29:53.079  INFO 14511 --- [restartedMain] com.zaxxer.hikari.HikariDataSource       : HikariPool-1 - Starting...
2022-11-28 00:29:53.279  INFO 14511 --- [restartedMain] com.zaxxer.hikari.HikariDataSource       : HikariPool-1 - Start completed.
2022-11-28 00:29:53.291  INFO 14511 --- [restartedMain] o.s.b.a.h2.H2ConsoleAutoConfiguration    : H2 console available at '/h2-console'. Database available at 'jdbc:h2:mem:criptop2p'
2022-11-28 00:29:53.412  INFO 14511 --- [restartedMain] o.hibernate.jpa.internal.util.LogHelper  : HHH000204: Processing PersistenceUnitInfo [name: default]
2022-11-28 00:29:53.466  INFO 14511 --- [restartedMain] org.hibernate.Version                    : HHH000412: Hibernate ORM core version 5.6.10.Final
2022-11-28 00:29:53.630  INFO 14511 --- [restartedMain] o.hibernate.annotations.common.Version   : HCANN000001: Hibernate Commons Annotations {5.1.2.Final}
2022-11-28 00:29:53.753  INFO 14511 --- [restartedMain] org.hibernate.dialect.Dialect            : HHH000400: Using dialect: org.hibernate.dialect.H2Dialect
2022-11-28 00:29:53.925  WARN 14511 --- [restartedMain] o.h.t.d.java.JavaTypeDescriptorRegistry  : HHH000481: Encountered Java type [class ar.edu.unq.desapp.grupoo.criptop2p.model.TypeIntention] for which we could not locate a JavaTypeDescriptor and which does not appear to implement equals and/or hashCode.  This can lead to significant performance problems when performing equality/dirty checking involving this Java type.  Consider registering a custom JavaTypeDescriptor or at least implementing equals/hashCode.
2022-11-28 00:29:54.536  INFO 14511 --- [restartedMain] o.h.e.t.j.p.i.JtaPlatformInitiator       : HHH000490: Using JtaPlatform implementation: [org.hibernate.engine.transaction.jta.platform.internal.NoJtaPlatform]
2022-11-28 00:29:54.544  INFO 14511 --- [restartedMain] j.LocalContainerEntityManagerFactoryBean : Initialized JPA EntityManagerFactory for persistence unit 'default'
2022-11-28 00:29:54.885  INFO 14511 --- [pool-1-thread-1] a.e.u.d.g.criptop2p.integrations.Cache   : Caching all quotations
2022-11-28 00:29:55.205  INFO 14511 --- [restartedMain] a.e.u.d.g.criptop2p.service.InitDbData   : Added fake Users on H2 with: org.h2.Driver
2022-11-28 00:30:06.945  INFO 14511 --- [restartedMain] a.e.u.d.g.criptop2p.service.InitDbData   : Added fake Intentions on H2 with: org.h2.Driver
2022-11-28 00:30:07.125  WARN 14511 --- [restartedMain] JpaBaseConfiguration$JpaWebConfiguration : spring.jpa.open-in-view is enabled by default. Therefore, database queries may be performed during view rendering. Explicitly configure spring.jpa.open-in-view to disable this warning
2022-11-28 00:30:07.986  INFO 14511 --- [restartedMain] o.s.b.d.a.OptionalLiveReloadServer       : LiveReload server is running on port 35729
2022-11-28 00:30:08.024  INFO 14511 --- [restartedMain] o.s.b.w.embedded.tomcat.TomcatWebServer  : Tomcat started on port(s): 8080 (http) with context path ''
2022-11-28 00:30:08.040  INFO 14511 --- [restartedMain] a.e.u.d.g.c.Criptop2pApplication         : Started Criptop2pApplication in 18.088 seconds (JVM running for 18.759)
2022-11-28 00:30:10.080  INFO 14511 --- [pool-1-thread-1] a.e.u.d.g.criptop2p.integrations.Cache   : All quotations cached
2022-11-28 00:30:23.604  INFO 14511 --- [http-nio-8080-exec-1] o.a.c.c.C.[Tomcat].[localhost].[/]       : Initializing Spring DispatcherServlet 'dispatcherServlet'
2022-11-28 00:30:23.604  INFO 14511 --- [http-nio-8080-exec-1] o.s.web.servlet.DispatcherServlet        : Initializing Servlet 'dispatcherServlet'
2022-11-28 00:30:23.605  INFO 14511 --- [http-nio-8080-exec-1] o.s.web.servlet.DispatcherServlet        : Completed initialization in 1 ms
2022-11-28 00:39:54.885  INFO 14511 --- [pool-1-thread-1] a.e.u.d.g.criptop2p.integrations.Cache   : Caching all quotations
2022-11-28 00:40:10.784  INFO 14511 --- [pool-1-thread-1] a.e.u.d.g.criptop2p.integrations.Cache   : All quotations cached
2022-11-28 00:44:26.075  INFO 14511 --- [http-nio-8080-exec-4] a.e.u.d.g.c.aspect.WebServiceAudit       : Timestamp=2022-11-28 00:44:26.074 User=WAITING JWT Operation=ResponseEntity ar.edu.unq.desapp.grupoo.criptop2p.webservice.controllers.UserController.findUserById(Long) Parameter(s)=[3] Execution time=10ms
2022-11-28 00:49:54.885  INFO 14511 --- [pool-1-thread-1] a.e.u.d.g.criptop2p.integrations.Cache   : Caching all quotations
2022-11-28 00:50:10.346  INFO 14511 --- [pool-1-thread-1] a.e.u.d.g.criptop2p.integrations.Cache   : All quotations cached
2022-11-28 00:50:45.654  INFO 14511 --- [http-nio-8080-exec-7] a.e.u.d.g.c.aspect.WebServiceAudit       : Timestamp=2022-11-28 00:50:45.654 User=WAITING JWT Operation=ResponseEntity ar.edu.unq.desapp.grupoo.criptop2p.webservice.controllers.UserController.findUserById(Long) Parameter(s)=[3] Execution time=3ms
2022-11-28 00:54:20.507  INFO 14511 --- [SpringApplicationShutdownHook] j.LocalContainerEntityManagerFactoryBean : Closing JPA EntityManagerFactory for persistence unit 'default'
2022-11-28 00:54:20.699 ERROR 14511 --- [HikariPool-1 connection adder] com.zaxxer.hikari.pool.HikariPool        : HikariPool-1 - Error thrown while acquiring connection from data source

org.h2.jdbc.JdbcSQLNonTransientConnectionException: La base de datos esta abierta en modo EXCLUSIVO; no puede abrir conexiones adicionales
The database is open in exclusive mode; can not open additional connections [90135-214]
	at org.h2.message.DbException.getJdbcSQLException(DbException.java:678) ~[h2-2.1.214.jar:2.1.214]
	at org.h2.message.DbException.getJdbcSQLException(DbException.java:477) ~[h2-2.1.214.jar:2.1.214]
	at org.h2.message.DbException.get(DbException.java:223) ~[h2-2.1.214.jar:2.1.214]
	at org.h2.message.DbException.get(DbException.java:199) ~[h2-2.1.214.jar:2.1.214]
	at org.h2.message.DbException.get(DbException.java:188) ~[h2-2.1.214.jar:2.1.214]
	at org.h2.engine.SessionLocal.checkSuspended(SessionLocal.java:1240) ~[h2-2.1.214.jar:2.1.214]
	at org.h2.engine.SessionLocal.transitionToState(SessionLocal.java:1232) ~[h2-2.1.214.jar:2.1.214]
	at org.h2.engine.SessionLocal.waitIfExclusiveModeEnabled(SessionLocal.java:1480) ~[h2-2.1.214.jar:2.1.214]
	at org.h2.command.Command.executeQuery(Command.java:180) ~[h2-2.1.214.jar:2.1.214]
	at org.h2.jdbc.JdbcConnection.isReadOnly(JdbcConnection.java:538) ~[h2-2.1.214.jar:2.1.214]
	at com.zaxxer.hikari.pool.PoolBase.setupConnection(PoolBase.java:408) ~[HikariCP-4.0.3.jar:na]
	at com.zaxxer.hikari.pool.PoolBase.newConnection(PoolBase.java:369) ~[HikariCP-4.0.3.jar:na]
	at com.zaxxer.hikari.pool.PoolBase.newPoolEntry(PoolBase.java:206) ~[HikariCP-4.0.3.jar:na]
	at com.zaxxer.hikari.pool.HikariPool.createPoolEntry(HikariPool.java:476) ~[HikariCP-4.0.3.jar:na]
	at com.zaxxer.hikari.pool.HikariPool.access$100(HikariPool.java:71) ~[HikariCP-4.0.3.jar:na]
	at com.zaxxer.hikari.pool.HikariPool$PoolEntryCreator.call(HikariPool.java:726) ~[HikariCP-4.0.3.jar:na]
	at com.zaxxer.hikari.pool.HikariPool$PoolEntryCreator.call(HikariPool.java:712) ~[HikariCP-4.0.3.jar:na]
	at java.base/java.util.concurrent.FutureTask.run(FutureTask.java:264) ~[na:na]
	at java.base/java.util.concurrent.ThreadPoolExecutor.runWorker(ThreadPoolExecutor.java:1136) ~[na:na]
	at java.base/java.util.concurrent.ThreadPoolExecutor$Worker.run(ThreadPoolExecutor.java:635) ~[na:na]
	at java.base/java.lang.Thread.run(Thread.java:833) ~[na:na]

2022-11-28 00:54:20.895  WARN 14511 --- [SpringApplicationShutdownHook] o.s.b.f.support.DisposableBeanAdapter    : Invocation of destroy method failed on bean with name 'inMemoryDatabaseShutdownExecutor': org.h2.jdbc.JdbcSQLNonTransientConnectionException: La base de datos ya esta cerrada (para des-habilitar el cerrado automatico durante el shutdown de la VM, agregue ";DB_CLOSE_ON_EXIT=FALSE" a la URL de conexión)
Database is already closed (to disable automatic closing at VM shutdown, add ";DB_CLOSE_ON_EXIT=FALSE" to the db URL) [90121-214]
2022-11-28 00:54:20.898  INFO 14511 --- [SpringApplicationShutdownHook] com.zaxxer.hikari.HikariDataSource       : HikariPool-1 - Shutdown initiated...
2022-11-28 00:54:20.953  INFO 14511 --- [SpringApplicationShutdownHook] com.zaxxer.hikari.HikariDataSource       : HikariPool-1 - Shutdown completed.
2022-11-28 00:54:25.576  INFO 15043 --- [restartedMain] a.e.u.d.g.c.Criptop2pApplication         : Starting Criptop2pApplication using Java 17.0.4.1 on chesire with PID 15043 (/home/chesire/Escritorio/Desa/criptop2p/build/classes/java/main started by root in /home/chesire/Escritorio/Desa/criptop2p)
2022-11-28 00:54:25.578  INFO 15043 --- [restartedMain] a.e.u.d.g.c.Criptop2pApplication         : No active profile set, falling back to 1 default profile: "default"
2022-11-28 00:54:25.647  INFO 15043 --- [restartedMain] .e.DevToolsPropertyDefaultsPostProcessor : Devtools property defaults active! Set 'spring.devtools.add-properties' to 'false' to disable
2022-11-28 00:54:25.647  INFO 15043 --- [restartedMain] .e.DevToolsPropertyDefaultsPostProcessor : For additional web related logging consider setting the 'logging.level.web' property to 'DEBUG'
2022-11-28 00:54:26.703  INFO 15043 --- [restartedMain] .s.d.r.c.RepositoryConfigurationDelegate : Bootstrapping Spring Data JPA repositories in DEFAULT mode.
2022-11-28 00:54:26.789  INFO 15043 --- [restartedMain] .s.d.r.c.RepositoryConfigurationDelegate : Finished Spring Data repository scanning in 72 ms. Found 3 JPA repository interfaces.
2022-11-28 00:54:28.216  INFO 15043 --- [restartedMain] o.s.b.w.embedded.tomcat.TomcatWebServer  : Tomcat initialized with port(s): 8080 (http)
2022-11-28 00:54:28.227  INFO 15043 --- [restartedMain] o.apache.catalina.core.StandardService   : Starting service [Tomcat]
2022-11-28 00:54:28.227  INFO 15043 --- [restartedMain] org.apache.catalina.core.StandardEngine  : Starting Servlet engine: [Apache Tomcat/9.0.65]
2022-11-28 00:54:28.287  INFO 15043 --- [restartedMain] o.a.c.c.C.[Tomcat].[localhost].[/]       : Initializing Spring embedded WebApplicationContext
2022-11-28 00:54:28.287  INFO 15043 --- [restartedMain] w.s.c.ServletWebServerApplicationContext : Root WebApplicationContext: initialization completed in 2639 ms
2022-11-28 00:54:28.326  INFO 15043 --- [restartedMain] com.zaxxer.hikari.HikariDataSource       : HikariPool-1 - Starting...
2022-11-28 00:54:28.505  INFO 15043 --- [restartedMain] com.zaxxer.hikari.HikariDataSource       : HikariPool-1 - Start completed.
2022-11-28 00:54:28.521  INFO 15043 --- [restartedMain] o.s.b.a.h2.H2ConsoleAutoConfiguration    : H2 console available at '/h2-console'. Database available at 'jdbc:h2:mem:criptop2p'
2022-11-28 00:54:28.695  INFO 15043 --- [restartedMain] o.hibernate.jpa.internal.util.LogHelper  : HHH000204: Processing PersistenceUnitInfo [name: default]
2022-11-28 00:54:28.754  INFO 15043 --- [restartedMain] org.hibernate.Version                    : HHH000412: Hibernate ORM core version 5.6.10.Final
2022-11-28 00:54:28.928  INFO 15043 --- [restartedMain] o.hibernate.annotations.common.Version   : HCANN000001: Hibernate Commons Annotations {5.1.2.Final}
2022-11-28 00:54:29.042  INFO 15043 --- [restartedMain] org.hibernate.dialect.Dialect            : HHH000400: Using dialect: org.hibernate.dialect.H2Dialect
2022-11-28 00:54:29.242  WARN 15043 --- [restartedMain] o.h.t.d.java.JavaTypeDescriptorRegistry  : HHH000481: Encountered Java type [class ar.edu.unq.desapp.grupoo.criptop2p.model.TypeIntention] for which we could not locate a JavaTypeDescriptor and which does not appear to implement equals and/or hashCode.  This can lead to significant performance problems when performing equality/dirty checking involving this Java type.  Consider registering a custom JavaTypeDescriptor or at least implementing equals/hashCode.
2022-11-28 00:54:29.936  INFO 15043 --- [restartedMain] o.h.e.t.j.p.i.JtaPlatformInitiator       : HHH000490: Using JtaPlatform implementation: [org.hibernate.engine.transaction.jta.platform.internal.NoJtaPlatform]
2022-11-28 00:54:29.944  INFO 15043 --- [restartedMain] j.LocalContainerEntityManagerFactoryBean : Initialized JPA EntityManagerFactory for persistence unit 'default'
2022-11-28 00:54:30.308  INFO 15043 --- [pool-1-thread-1] a.e.u.d.g.criptop2p.integrations.Cache   : Caching all quotations
2022-11-28 00:54:30.686  INFO 15043 --- [restartedMain] a.e.u.d.g.criptop2p.service.InitDbData   : Added fake Users on H2 with: org.h2.Driver
2022-11-28 00:54:43.219  INFO 15043 --- [restartedMain] a.e.u.d.g.criptop2p.service.InitDbData   : Added fake Intentions on H2 with: org.h2.Driver
2022-11-28 00:54:43.508  WARN 15043 --- [restartedMain] JpaBaseConfiguration$JpaWebConfiguration : spring.jpa.open-in-view is enabled by default. Therefore, database queries may be performed during view rendering. Explicitly configure spring.jpa.open-in-view to disable this warning
2022-11-28 00:54:44.401  INFO 15043 --- [restartedMain] o.s.b.d.a.OptionalLiveReloadServer       : LiveReload server is running on port 35729
2022-11-28 00:54:44.440  INFO 15043 --- [restartedMain] o.s.b.w.embedded.tomcat.TomcatWebServer  : Tomcat started on port(s): 8080 (http) with context path ''
2022-11-28 00:54:44.457  INFO 15043 --- [restartedMain] a.e.u.d.g.c.Criptop2pApplication         : Started Criptop2pApplication in 19.288 seconds (JVM running for 19.747)
2022-11-28 00:54:44.592  INFO 15043 --- [pool-1-thread-1] a.e.u.d.g.criptop2p.integrations.Cache   : All quotations cached
2022-11-28 00:54:47.221  INFO 15043 --- [http-nio-8080-exec-2] o.a.c.c.C.[Tomcat].[localhost].[/]       : Initializing Spring DispatcherServlet 'dispatcherServlet'
2022-11-28 00:54:47.221  INFO 15043 --- [http-nio-8080-exec-2] o.s.web.servlet.DispatcherServlet        : Initializing Servlet 'dispatcherServlet'
2022-11-28 00:54:47.222  INFO 15043 --- [http-nio-8080-exec-2] o.s.web.servlet.DispatcherServlet        : Completed initialization in 1 ms
2022-11-28 00:54:47.272  INFO 15043 --- [http-nio-8080-exec-2] a.e.u.d.g.c.aspect.WebServiceAudit       : Timestamp=2022-11-28 00:54:47.271 User=WAITING JWT Operation=ResponseEntity ar.edu.unq.desapp.grupoo.criptop2p.webservice.controllers.UserController.activatedIntentionsOf(Long) Parameter(s)=[3] Execution time=16ms
2022-11-28 00:55:16.489  INFO 15043 --- [SpringApplicationShutdownHook] j.LocalContainerEntityManagerFactoryBean : Closing JPA EntityManagerFactory for persistence unit 'default'
2022-11-28 00:55:16.671 ERROR 15043 --- [HikariPool-1 connection adder] com.zaxxer.hikari.pool.HikariPool        : HikariPool-1 - Error thrown while acquiring connection from data source

org.h2.jdbc.JdbcSQLNonTransientConnectionException: La base de datos esta abierta en modo EXCLUSIVO; no puede abrir conexiones adicionales
The database is open in exclusive mode; can not open additional connections [90135-214]
	at org.h2.message.DbException.getJdbcSQLException(DbException.java:678) ~[h2-2.1.214.jar:2.1.214]
	at org.h2.message.DbException.getJdbcSQLException(DbException.java:477) ~[h2-2.1.214.jar:2.1.214]
	at org.h2.message.DbException.get(DbException.java:223) ~[h2-2.1.214.jar:2.1.214]
	at org.h2.message.DbException.get(DbException.java:199) ~[h2-2.1.214.jar:2.1.214]
	at org.h2.message.DbException.get(DbException.java:188) ~[h2-2.1.214.jar:2.1.214]
	at org.h2.engine.SessionLocal.checkSuspended(SessionLocal.java:1240) ~[h2-2.1.214.jar:2.1.214]
	at org.h2.engine.SessionLocal.transitionToState(SessionLocal.java:1232) ~[h2-2.1.214.jar:2.1.214]
	at org.h2.engine.SessionLocal.setCurrentCommand(SessionLocal.java:1210) ~[h2-2.1.214.jar:2.1.214]
	at org.h2.engine.SessionLocal.startStatementWithinTransaction(SessionLocal.java:1658) ~[h2-2.1.214.jar:2.1.214]
	at org.h2.command.Command.executeQuery(Command.java:184) ~[h2-2.1.214.jar:2.1.214]
	at org.h2.jdbc.JdbcConnection.isReadOnly(JdbcConnection.java:538) ~[h2-2.1.214.jar:2.1.214]
	at com.zaxxer.hikari.pool.PoolBase.setupConnection(PoolBase.java:408) ~[HikariCP-4.0.3.jar:na]
	at com.zaxxer.hikari.pool.PoolBase.newConnection(PoolBase.java:369) ~[HikariCP-4.0.3.jar:na]
	at com.zaxxer.hikari.pool.PoolBase.newPoolEntry(PoolBase.java:206) ~[HikariCP-4.0.3.jar:na]
	at com.zaxxer.hikari.pool.HikariPool.createPoolEntry(HikariPool.java:476) ~[HikariCP-4.0.3.jar:na]
	at com.zaxxer.hikari.pool.HikariPool.access$100(HikariPool.java:71) ~[HikariCP-4.0.3.jar:na]
	at com.zaxxer.hikari.pool.HikariPool$PoolEntryCreator.call(HikariPool.java:726) ~[HikariCP-4.0.3.jar:na]
	at com.zaxxer.hikari.pool.HikariPool$PoolEntryCreator.call(HikariPool.java:712) ~[HikariCP-4.0.3.jar:na]
	at java.base/java.util.concurrent.FutureTask.run(FutureTask.java:264) ~[na:na]
	at java.base/java.util.concurrent.ThreadPoolExecutor.runWorker(ThreadPoolExecutor.java:1136) ~[na:na]
	at java.base/java.util.concurrent.ThreadPoolExecutor$Worker.run(ThreadPoolExecutor.java:635) ~[na:na]
	at java.base/java.lang.Thread.run(Thread.java:833) ~[na:na]

2022-11-28 00:55:16.866  WARN 15043 --- [SpringApplicationShutdownHook] o.s.b.f.support.DisposableBeanAdapter    : Invocation of destroy method failed on bean with name 'inMemoryDatabaseShutdownExecutor': org.h2.jdbc.JdbcSQLNonTransientConnectionException: La base de datos ya esta cerrada (para des-habilitar el cerrado automatico durante el shutdown de la VM, agregue ";DB_CLOSE_ON_EXIT=FALSE" a la URL de conexión)
Database is already closed (to disable automatic closing at VM shutdown, add ";DB_CLOSE_ON_EXIT=FALSE" to the db URL) [90121-214]
2022-11-28 00:55:16.868  INFO 15043 --- [SpringApplicationShutdownHook] com.zaxxer.hikari.HikariDataSource       : HikariPool-1 - Shutdown initiated...
2022-11-28 00:55:16.924  INFO 15043 --- [SpringApplicationShutdownHook] com.zaxxer.hikari.HikariDataSource       : HikariPool-1 - Shutdown completed.
